<?xml version="1.0" encoding="UTF-8"?>
<!-- Generated by org.testng.reporters.JUnitReportReporter -->
<testsuite hostname="DESKTOP-0NGEI12" failures="0" tests="1" name="com.maroti.page.RegisterPageTest" time="6.435" errors="0" timestamp="2023-08-06T22:06:18 IST" skipped="0">
  <testcase classname="com.maroti.page.RegisterPageTest" name="testRegister" time="6.435"/>
</testsuite> <!-- com.maroti.page.RegisterPageTest -->
